<?xml version="1.0" encoding="UTF-8"?>
<testng-results skipped="0" failed="0" ignored="0" total="1" passed="1">
  <reporter-output>
  </reporter-output>
  <suite name="Default suite" duration-ms="842" started-at="2018-06-22T18:17:03Z" finished-at="2018-06-22T18:17:04Z">
    <groups>
    </groups>
    <test name="Default test" duration-ms="842" started-at="2018-06-22T18:17:03Z" finished-at="2018-06-22T18:17:04Z">
      <class name="net.ed.api.DB_Test">
        <test-method status="PASS" signature="connectToDB()[pri:0, instance:net.ed.api.DB_Test@64bf3bbf]" name="connectToDB" is-config="true" duration-ms="803" started-at="2018-06-22T18:17:03Z" finished-at="2018-06-22T18:17:04Z">
          <reporter-output>
          </reporter-output>
        </test-method> <!-- connectToDB -->
        <test-method status="PASS" signature="connectToDB_Test()[pri:0, instance:net.ed.api.DB_Test@64bf3bbf]" name="connectToDB_Test" duration-ms="8" started-at="2018-06-22T18:17:04Z" finished-at="2018-06-22T18:17:04Z">
          <reporter-output>
          </reporter-output>
        </test-method> <!-- connectToDB_Test -->
      </class> <!-- net.ed.api.DB_Test -->
    </test> <!-- Default test -->
  </suite> <!-- Default suite -->
</testng-results>
